The system is: Linux - 4.15.10-1.el7.elrepo.x86_64 - x86_64
Compiling the C compiler identification source file "CMakeCCompilerId.c" succeeded.
Compiler: /projects/opt/centos7/gcc/8.1.0/bin/gcc 
Build flags: 
Id flags: 

The output was:
0


Compilation of the C compiler identification source "CMakeCCompilerId.c" produced "a.out"

The C compiler identification is GNU, found in "/home/hlh/private-gravity/build/CMakeFiles/3.7.1/CompilerIdC/a.out"

Compiling the CXX compiler identification source file "CMakeCXXCompilerId.cpp" succeeded.
Compiler: /projects/opt/centos7/gcc/8.1.0/bin/g++ 
Build flags: 
Id flags: 

The output was:
0


Compilation of the CXX compiler identification source "CMakeCXXCompilerId.cpp" produced "a.out"

The CXX compiler identification is GNU, found in "/home/hlh/private-gravity/build/CMakeFiles/3.7.1/CompilerIdCXX/a.out"

Determining if the C compiler works passed with the following output:
Change Dir: /home/hlh/private-gravity/build/CMakeFiles/CMakeTmp

Run Build Command:"/usr/bin/gmake" "cmTC_b7a46/fast"
/usr/bin/gmake -f CMakeFiles/cmTC_b7a46.dir/build.make CMakeFiles/cmTC_b7a46.dir/build
gmake[1]: Entering directory `/home/hlh/private-gravity/build/CMakeFiles/CMakeTmp'
Building C object CMakeFiles/cmTC_b7a46.dir/testCCompiler.c.o
/projects/opt/centos7/gcc/8.1.0/bin/gcc     -o CMakeFiles/cmTC_b7a46.dir/testCCompiler.c.o   -c /home/hlh/private-gravity/build/CMakeFiles/CMakeTmp/testCCompiler.c
Linking C executable cmTC_b7a46
/projects/opt/centos7/cmake/3.7.1/bin/cmake -E cmake_link_script CMakeFiles/cmTC_b7a46.dir/link.txt --verbose=1
/projects/opt/centos7/gcc/8.1.0/bin/gcc       CMakeFiles/cmTC_b7a46.dir/testCCompiler.c.o  -o cmTC_b7a46 -rdynamic 
gmake[1]: Leaving directory `/home/hlh/private-gravity/build/CMakeFiles/CMakeTmp'


Detecting C compiler ABI info compiled with the following output:
Change Dir: /home/hlh/private-gravity/build/CMakeFiles/CMakeTmp

Run Build Command:"/usr/bin/gmake" "cmTC_98a3d/fast"
/usr/bin/gmake -f CMakeFiles/cmTC_98a3d.dir/build.make CMakeFiles/cmTC_98a3d.dir/build
gmake[1]: Entering directory `/home/hlh/private-gravity/build/CMakeFiles/CMakeTmp'
Building C object CMakeFiles/cmTC_98a3d.dir/CMakeCCompilerABI.c.o
/projects/opt/centos7/gcc/8.1.0/bin/gcc     -o CMakeFiles/cmTC_98a3d.dir/CMakeCCompilerABI.c.o   -c /projects/opt/centos7/cmake/3.7.1/share/cmake-3.7/Modules/CMakeCCompilerABI.c
Linking C executable cmTC_98a3d
/projects/opt/centos7/cmake/3.7.1/bin/cmake -E cmake_link_script CMakeFiles/cmTC_98a3d.dir/link.txt --verbose=1
/projects/opt/centos7/gcc/8.1.0/bin/gcc      -v CMakeFiles/cmTC_98a3d.dir/CMakeCCompilerABI.c.o  -o cmTC_98a3d -rdynamic  
Using built-in specs.
COLLECT_GCC=/projects/opt/centos7/gcc/8.1.0/bin/gcc
COLLECT_LTO_WRAPPER=/projects/opt/centos7/gcc/8.1.0/libexec/gcc/x86_64-pc-linux-gnu/8.1.0/lto-wrapper
Target: x86_64-pc-linux-gnu
Configured with: ../gcc-8.1.0/configure --prefix=/projects/opt/centos7/gcc/8.1.0 --enable-languages=c,c++,fortran --disable-multilib
Thread model: posix
gcc version 8.1.0 (GCC) 
COMPILER_PATH=/projects/opt/centos7/gcc/8.1.0/libexec/gcc/x86_64-pc-linux-gnu/8.1.0/:/projects/opt/centos7/gcc/8.1.0/libexec/gcc/x86_64-pc-linux-gnu/8.1.0/:/projects/opt/centos7/gcc/8.1.0/libexec/gcc/x86_64-pc-linux-gnu/:/projects/opt/centos7/gcc/8.1.0/lib/gcc/x86_64-pc-linux-gnu/8.1.0/:/projects/opt/centos7/gcc/8.1.0/lib/gcc/x86_64-pc-linux-gnu/
LIBRARY_PATH=/projects/opt/centos7/gcc/8.1.0/lib/gcc/x86_64-pc-linux-gnu/8.1.0/:/projects/opt/centos7/gcc/8.1.0/lib/gcc/x86_64-pc-linux-gnu/8.1.0/../../../../lib64/:/lib/../lib64/:/usr/lib/../lib64/:/projects/opt/centos7/gcc/8.1.0/lib/gcc/x86_64-pc-linux-gnu/8.1.0/../../../:/lib/:/usr/lib/
COLLECT_GCC_OPTIONS='-v' '-o' 'cmTC_98a3d' '-rdynamic' '-mtune=generic' '-march=x86-64'
 /projects/opt/centos7/gcc/8.1.0/libexec/gcc/x86_64-pc-linux-gnu/8.1.0/collect2 -plugin /projects/opt/centos7/gcc/8.1.0/libexec/gcc/x86_64-pc-linux-gnu/8.1.0/liblto_plugin.so -plugin-opt=/projects/opt/centos7/gcc/8.1.0/libexec/gcc/x86_64-pc-linux-gnu/8.1.0/lto-wrapper -plugin-opt=-fresolution=/tmp/ccBGVH4W.res -plugin-opt=-pass-through=-lgcc -plugin-opt=-pass-through=-lgcc_s -plugin-opt=-pass-through=-lc -plugin-opt=-pass-through=-lgcc -plugin-opt=-pass-through=-lgcc_s --eh-frame-hdr -m elf_x86_64 -export-dynamic -dynamic-linker /lib64/ld-linux-x86-64.so.2 -o cmTC_98a3d /lib/../lib64/crt1.o /lib/../lib64/crti.o /projects/opt/centos7/gcc/8.1.0/lib/gcc/x86_64-pc-linux-gnu/8.1.0/crtbegin.o -L/projects/opt/centos7/gcc/8.1.0/lib/gcc/x86_64-pc-linux-gnu/8.1.0 -L/projects/opt/centos7/gcc/8.1.0/lib/gcc/x86_64-pc-linux-gnu/8.1.0/../../../../lib64 -L/lib/../lib64 -L/usr/lib/../lib64 -L/projects/opt/centos7/gcc/8.1.0/lib/gcc/x86_64-pc-linux-gnu/8.1.0/../../.. CMakeFiles/cmTC_98a3d.dir/CMakeCCompilerABI.c.o -lgcc --as-needed -lgcc_s --no-as-needed -lc -lgcc --as-needed -lgcc_s --no-as-needed /projects/opt/centos7/gcc/8.1.0/lib/gcc/x86_64-pc-linux-gnu/8.1.0/crtend.o /lib/../lib64/crtn.o
COLLECT_GCC_OPTIONS='-v' '-o' 'cmTC_98a3d' '-rdynamic' '-mtune=generic' '-march=x86-64'
gmake[1]: Leaving directory `/home/hlh/private-gravity/build/CMakeFiles/CMakeTmp'


Parsed C implicit link information from above output:
  link line regex: [^( *|.*[/\])(ld|([^/\]+-)?ld|collect2)[^/\]*( |$)]
  ignore line: [Change Dir: /home/hlh/private-gravity/build/CMakeFiles/CMakeTmp]
  ignore line: []
  ignore line: [Run Build Command:"/usr/bin/gmake" "cmTC_98a3d/fast"]
  ignore line: [/usr/bin/gmake -f CMakeFiles/cmTC_98a3d.dir/build.make CMakeFiles/cmTC_98a3d.dir/build]
  ignore line: [gmake[1]: Entering directory `/home/hlh/private-gravity/build/CMakeFiles/CMakeTmp']
  ignore line: [Building C object CMakeFiles/cmTC_98a3d.dir/CMakeCCompilerABI.c.o]
  ignore line: [/projects/opt/centos7/gcc/8.1.0/bin/gcc     -o CMakeFiles/cmTC_98a3d.dir/CMakeCCompilerABI.c.o   -c /projects/opt/centos7/cmake/3.7.1/share/cmake-3.7/Modules/CMakeCCompilerABI.c]
  ignore line: [Linking C executable cmTC_98a3d]
  ignore line: [/projects/opt/centos7/cmake/3.7.1/bin/cmake -E cmake_link_script CMakeFiles/cmTC_98a3d.dir/link.txt --verbose=1]
  ignore line: [/projects/opt/centos7/gcc/8.1.0/bin/gcc      -v CMakeFiles/cmTC_98a3d.dir/CMakeCCompilerABI.c.o  -o cmTC_98a3d -rdynamic  ]
  ignore line: [Using built-in specs.]
  ignore line: [COLLECT_GCC=/projects/opt/centos7/gcc/8.1.0/bin/gcc]
  ignore line: [COLLECT_LTO_WRAPPER=/projects/opt/centos7/gcc/8.1.0/libexec/gcc/x86_64-pc-linux-gnu/8.1.0/lto-wrapper]
  ignore line: [Target: x86_64-pc-linux-gnu]
  ignore line: [Configured with: ../gcc-8.1.0/configure --prefix=/projects/opt/centos7/gcc/8.1.0 --enable-languages=c,c++,fortran --disable-multilib]
  ignore line: [Thread model: posix]
  ignore line: [gcc version 8.1.0 (GCC) ]
  ignore line: [COMPILER_PATH=/projects/opt/centos7/gcc/8.1.0/libexec/gcc/x86_64-pc-linux-gnu/8.1.0/:/projects/opt/centos7/gcc/8.1.0/libexec/gcc/x86_64-pc-linux-gnu/8.1.0/:/projects/opt/centos7/gcc/8.1.0/libexec/gcc/x86_64-pc-linux-gnu/:/projects/opt/centos7/gcc/8.1.0/lib/gcc/x86_64-pc-linux-gnu/8.1.0/:/projects/opt/centos7/gcc/8.1.0/lib/gcc/x86_64-pc-linux-gnu/]
  ignore line: [LIBRARY_PATH=/projects/opt/centos7/gcc/8.1.0/lib/gcc/x86_64-pc-linux-gnu/8.1.0/:/projects/opt/centos7/gcc/8.1.0/lib/gcc/x86_64-pc-linux-gnu/8.1.0/../../../../lib64/:/lib/../lib64/:/usr/lib/../lib64/:/projects/opt/centos7/gcc/8.1.0/lib/gcc/x86_64-pc-linux-gnu/8.1.0/../../../:/lib/:/usr/lib/]
  ignore line: [COLLECT_GCC_OPTIONS='-v' '-o' 'cmTC_98a3d' '-rdynamic' '-mtune=generic' '-march=x86-64']
  link line: [ /projects/opt/centos7/gcc/8.1.0/libexec/gcc/x86_64-pc-linux-gnu/8.1.0/collect2 -plugin /projects/opt/centos7/gcc/8.1.0/libexec/gcc/x86_64-pc-linux-gnu/8.1.0/liblto_plugin.so -plugin-opt=/projects/opt/centos7/gcc/8.1.0/libexec/gcc/x86_64-pc-linux-gnu/8.1.0/lto-wrapper -plugin-opt=-fresolution=/tmp/ccBGVH4W.res -plugin-opt=-pass-through=-lgcc -plugin-opt=-pass-through=-lgcc_s -plugin-opt=-pass-through=-lc -plugin-opt=-pass-through=-lgcc -plugin-opt=-pass-through=-lgcc_s --eh-frame-hdr -m elf_x86_64 -export-dynamic -dynamic-linker /lib64/ld-linux-x86-64.so.2 -o cmTC_98a3d /lib/../lib64/crt1.o /lib/../lib64/crti.o /projects/opt/centos7/gcc/8.1.0/lib/gcc/x86_64-pc-linux-gnu/8.1.0/crtbegin.o -L/projects/opt/centos7/gcc/8.1.0/lib/gcc/x86_64-pc-linux-gnu/8.1.0 -L/projects/opt/centos7/gcc/8.1.0/lib/gcc/x86_64-pc-linux-gnu/8.1.0/../../../../lib64 -L/lib/../lib64 -L/usr/lib/../lib64 -L/projects/opt/centos7/gcc/8.1.0/lib/gcc/x86_64-pc-linux-gnu/8.1.0/../../.. CMakeFiles/cmTC_98a3d.dir/CMakeCCompilerABI.c.o -lgcc --as-needed -lgcc_s --no-as-needed -lc -lgcc --as-needed -lgcc_s --no-as-needed /projects/opt/centos7/gcc/8.1.0/lib/gcc/x86_64-pc-linux-gnu/8.1.0/crtend.o /lib/../lib64/crtn.o]
    arg [/projects/opt/centos7/gcc/8.1.0/libexec/gcc/x86_64-pc-linux-gnu/8.1.0/collect2] ==> ignore
    arg [-plugin] ==> ignore
    arg [/projects/opt/centos7/gcc/8.1.0/libexec/gcc/x86_64-pc-linux-gnu/8.1.0/liblto_plugin.so] ==> ignore
    arg [-plugin-opt=/projects/opt/centos7/gcc/8.1.0/libexec/gcc/x86_64-pc-linux-gnu/8.1.0/lto-wrapper] ==> ignore
    arg [-plugin-opt=-fresolution=/tmp/ccBGVH4W.res] ==> ignore
    arg [-plugin-opt=-pass-through=-lgcc] ==> ignore
    arg [-plugin-opt=-pass-through=-lgcc_s] ==> ignore
    arg [-plugin-opt=-pass-through=-lc] ==> ignore
    arg [-plugin-opt=-pass-through=-lgcc] ==> ignore
    arg [-plugin-opt=-pass-through=-lgcc_s] ==> ignore
    arg [--eh-frame-hdr] ==> ignore
    arg [-m] ==> ignore
    arg [elf_x86_64] ==> ignore
    arg [-export-dynamic] ==> ignore
    arg [-dynamic-linker] ==> ignore
    arg [/lib64/ld-linux-x86-64.so.2] ==> ignore
    arg [-o] ==> ignore
    arg [cmTC_98a3d] ==> ignore
    arg [/lib/../lib64/crt1.o] ==> ignore
    arg [/lib/../lib64/crti.o] ==> ignore
    arg [/projects/opt/centos7/gcc/8.1.0/lib/gcc/x86_64-pc-linux-gnu/8.1.0/crtbegin.o] ==> ignore
    arg [-L/projects/opt/centos7/gcc/8.1.0/lib/gcc/x86_64-pc-linux-gnu/8.1.0] ==> dir [/projects/opt/centos7/gcc/8.1.0/lib/gcc/x86_64-pc-linux-gnu/8.1.0]
    arg [-L/projects/opt/centos7/gcc/8.1.0/lib/gcc/x86_64-pc-linux-gnu/8.1.0/../../../../lib64] ==> dir [/projects/opt/centos7/gcc/8.1.0/lib/gcc/x86_64-pc-linux-gnu/8.1.0/../../../../lib64]
    arg [-L/lib/../lib64] ==> dir [/lib/../lib64]
    arg [-L/usr/lib/../lib64] ==> dir [/usr/lib/../lib64]
    arg [-L/projects/opt/centos7/gcc/8.1.0/lib/gcc/x86_64-pc-linux-gnu/8.1.0/../../..] ==> dir [/projects/opt/centos7/gcc/8.1.0/lib/gcc/x86_64-pc-linux-gnu/8.1.0/../../..]
    arg [CMakeFiles/cmTC_98a3d.dir/CMakeCCompilerABI.c.o] ==> ignore
    arg [-lgcc] ==> lib [gcc]
    arg [--as-needed] ==> ignore
    arg [-lgcc_s] ==> lib [gcc_s]
    arg [--no-as-needed] ==> ignore
    arg [-lc] ==> lib [c]
    arg [-lgcc] ==> lib [gcc]
    arg [--as-needed] ==> ignore
    arg [-lgcc_s] ==> lib [gcc_s]
    arg [--no-as-needed] ==> ignore
    arg [/projects/opt/centos7/gcc/8.1.0/lib/gcc/x86_64-pc-linux-gnu/8.1.0/crtend.o] ==> ignore
    arg [/lib/../lib64/crtn.o] ==> ignore
  remove lib [gcc]
  remove lib [gcc_s]
  remove lib [gcc]
  remove lib [gcc_s]
  collapse library dir [/projects/opt/centos7/gcc/8.1.0/lib/gcc/x86_64-pc-linux-gnu/8.1.0] ==> [/projects/opt/centos7/gcc/8.1.0/lib/gcc/x86_64-pc-linux-gnu/8.1.0]
  collapse library dir [/projects/opt/centos7/gcc/8.1.0/lib/gcc/x86_64-pc-linux-gnu/8.1.0/../../../../lib64] ==> [/projects/opt/centos7/gcc/8.1.0/lib64]
  collapse library dir [/lib/../lib64] ==> [/lib64]
  collapse library dir [/usr/lib/../lib64] ==> [/usr/lib64]
  collapse library dir [/projects/opt/centos7/gcc/8.1.0/lib/gcc/x86_64-pc-linux-gnu/8.1.0/../../..] ==> [/projects/opt/centos7/gcc/8.1.0/lib]
  implicit libs: [c]
  implicit dirs: [/projects/opt/centos7/gcc/8.1.0/lib/gcc/x86_64-pc-linux-gnu/8.1.0;/projects/opt/centos7/gcc/8.1.0/lib64;/lib64;/usr/lib64;/projects/opt/centos7/gcc/8.1.0/lib]
  implicit fwks: []




Detecting C [-std=c11] compiler features compiled with the following output:
Change Dir: /home/hlh/private-gravity/build/CMakeFiles/CMakeTmp

Run Build Command:"/usr/bin/gmake" "cmTC_ef0a0/fast"
/usr/bin/gmake -f CMakeFiles/cmTC_ef0a0.dir/build.make CMakeFiles/cmTC_ef0a0.dir/build
gmake[1]: Entering directory `/home/hlh/private-gravity/build/CMakeFiles/CMakeTmp'
Building C object CMakeFiles/cmTC_ef0a0.dir/feature_tests.c.o
/projects/opt/centos7/gcc/8.1.0/bin/gcc    -std=c11 -o CMakeFiles/cmTC_ef0a0.dir/feature_tests.c.o   -c /home/hlh/private-gravity/build/CMakeFiles/feature_tests.c
Linking C executable cmTC_ef0a0
/projects/opt/centos7/cmake/3.7.1/bin/cmake -E cmake_link_script CMakeFiles/cmTC_ef0a0.dir/link.txt --verbose=1
/projects/opt/centos7/gcc/8.1.0/bin/gcc       CMakeFiles/cmTC_ef0a0.dir/feature_tests.c.o  -o cmTC_ef0a0 -rdynamic 
gmake[1]: Leaving directory `/home/hlh/private-gravity/build/CMakeFiles/CMakeTmp'


    Feature record: C_FEATURE:1c_function_prototypes
    Feature record: C_FEATURE:1c_restrict
    Feature record: C_FEATURE:1c_static_assert
    Feature record: C_FEATURE:1c_variadic_macros


Detecting C [-std=c99] compiler features compiled with the following output:
Change Dir: /home/hlh/private-gravity/build/CMakeFiles/CMakeTmp

Run Build Command:"/usr/bin/gmake" "cmTC_0cd69/fast"
/usr/bin/gmake -f CMakeFiles/cmTC_0cd69.dir/build.make CMakeFiles/cmTC_0cd69.dir/build
gmake[1]: Entering directory `/home/hlh/private-gravity/build/CMakeFiles/CMakeTmp'
Building C object CMakeFiles/cmTC_0cd69.dir/feature_tests.c.o
/projects/opt/centos7/gcc/8.1.0/bin/gcc    -std=c99 -o CMakeFiles/cmTC_0cd69.dir/feature_tests.c.o   -c /home/hlh/private-gravity/build/CMakeFiles/feature_tests.c
Linking C executable cmTC_0cd69
/projects/opt/centos7/cmake/3.7.1/bin/cmake -E cmake_link_script CMakeFiles/cmTC_0cd69.dir/link.txt --verbose=1
/projects/opt/centos7/gcc/8.1.0/bin/gcc       CMakeFiles/cmTC_0cd69.dir/feature_tests.c.o  -o cmTC_0cd69 -rdynamic 
gmake[1]: Leaving directory `/home/hlh/private-gravity/build/CMakeFiles/CMakeTmp'


    Feature record: C_FEATURE:1c_function_prototypes
    Feature record: C_FEATURE:1c_restrict
    Feature record: C_FEATURE:0c_static_assert
    Feature record: C_FEATURE:1c_variadic_macros


Detecting C [-std=c90] compiler features compiled with the following output:
Change Dir: /home/hlh/private-gravity/build/CMakeFiles/CMakeTmp

Run Build Command:"/usr/bin/gmake" "cmTC_9cd04/fast"
/usr/bin/gmake -f CMakeFiles/cmTC_9cd04.dir/build.make CMakeFiles/cmTC_9cd04.dir/build
gmake[1]: Entering directory `/home/hlh/private-gravity/build/CMakeFiles/CMakeTmp'
Building C object CMakeFiles/cmTC_9cd04.dir/feature_tests.c.o
/projects/opt/centos7/gcc/8.1.0/bin/gcc    -std=c90 -o CMakeFiles/cmTC_9cd04.dir/feature_tests.c.o   -c /home/hlh/private-gravity/build/CMakeFiles/feature_tests.c
Linking C executable cmTC_9cd04
/projects/opt/centos7/cmake/3.7.1/bin/cmake -E cmake_link_script CMakeFiles/cmTC_9cd04.dir/link.txt --verbose=1
/projects/opt/centos7/gcc/8.1.0/bin/gcc       CMakeFiles/cmTC_9cd04.dir/feature_tests.c.o  -o cmTC_9cd04 -rdynamic 
gmake[1]: Leaving directory `/home/hlh/private-gravity/build/CMakeFiles/CMakeTmp'


    Feature record: C_FEATURE:1c_function_prototypes
    Feature record: C_FEATURE:0c_restrict
    Feature record: C_FEATURE:0c_static_assert
    Feature record: C_FEATURE:0c_variadic_macros
Determining if the CXX compiler works passed with the following output:
Change Dir: /home/hlh/private-gravity/build/CMakeFiles/CMakeTmp

Run Build Command:"/usr/bin/gmake" "cmTC_bb8c6/fast"
/usr/bin/gmake -f CMakeFiles/cmTC_bb8c6.dir/build.make CMakeFiles/cmTC_bb8c6.dir/build
gmake[1]: Entering directory `/home/hlh/private-gravity/build/CMakeFiles/CMakeTmp'
Building CXX object CMakeFiles/cmTC_bb8c6.dir/testCXXCompiler.cxx.o
/projects/opt/centos7/gcc/8.1.0/bin/g++      -o CMakeFiles/cmTC_bb8c6.dir/testCXXCompiler.cxx.o -c /home/hlh/private-gravity/build/CMakeFiles/CMakeTmp/testCXXCompiler.cxx
Linking CXX executable cmTC_bb8c6
/projects/opt/centos7/cmake/3.7.1/bin/cmake -E cmake_link_script CMakeFiles/cmTC_bb8c6.dir/link.txt --verbose=1
/projects/opt/centos7/gcc/8.1.0/bin/g++        CMakeFiles/cmTC_bb8c6.dir/testCXXCompiler.cxx.o  -o cmTC_bb8c6 -rdynamic 
gmake[1]: Leaving directory `/home/hlh/private-gravity/build/CMakeFiles/CMakeTmp'


Detecting CXX compiler ABI info compiled with the following output:
Change Dir: /home/hlh/private-gravity/build/CMakeFiles/CMakeTmp

Run Build Command:"/usr/bin/gmake" "cmTC_49512/fast"
/usr/bin/gmake -f CMakeFiles/cmTC_49512.dir/build.make CMakeFiles/cmTC_49512.dir/build
gmake[1]: Entering directory `/home/hlh/private-gravity/build/CMakeFiles/CMakeTmp'
Building CXX object CMakeFiles/cmTC_49512.dir/CMakeCXXCompilerABI.cpp.o
/projects/opt/centos7/gcc/8.1.0/bin/g++      -o CMakeFiles/cmTC_49512.dir/CMakeCXXCompilerABI.cpp.o -c /projects/opt/centos7/cmake/3.7.1/share/cmake-3.7/Modules/CMakeCXXCompilerABI.cpp
Linking CXX executable cmTC_49512
/projects/opt/centos7/cmake/3.7.1/bin/cmake -E cmake_link_script CMakeFiles/cmTC_49512.dir/link.txt --verbose=1
/projects/opt/centos7/gcc/8.1.0/bin/g++       -v CMakeFiles/cmTC_49512.dir/CMakeCXXCompilerABI.cpp.o  -o cmTC_49512 -rdynamic  
Using built-in specs.
COLLECT_GCC=/projects/opt/centos7/gcc/8.1.0/bin/g++
COLLECT_LTO_WRAPPER=/projects/opt/centos7/gcc/8.1.0/libexec/gcc/x86_64-pc-linux-gnu/8.1.0/lto-wrapper
Target: x86_64-pc-linux-gnu
Configured with: ../gcc-8.1.0/configure --prefix=/projects/opt/centos7/gcc/8.1.0 --enable-languages=c,c++,fortran --disable-multilib
Thread model: posix
gcc version 8.1.0 (GCC) 
COMPILER_PATH=/projects/opt/centos7/gcc/8.1.0/libexec/gcc/x86_64-pc-linux-gnu/8.1.0/:/projects/opt/centos7/gcc/8.1.0/libexec/gcc/x86_64-pc-linux-gnu/8.1.0/:/projects/opt/centos7/gcc/8.1.0/libexec/gcc/x86_64-pc-linux-gnu/:/projects/opt/centos7/gcc/8.1.0/lib/gcc/x86_64-pc-linux-gnu/8.1.0/:/projects/opt/centos7/gcc/8.1.0/lib/gcc/x86_64-pc-linux-gnu/
LIBRARY_PATH=/projects/opt/centos7/gcc/8.1.0/lib/gcc/x86_64-pc-linux-gnu/8.1.0/:/projects/opt/centos7/gcc/8.1.0/lib/gcc/x86_64-pc-linux-gnu/8.1.0/../../../../lib64/:/lib/../lib64/:/usr/lib/../lib64/:/projects/opt/centos7/gcc/8.1.0/lib/gcc/x86_64-pc-linux-gnu/8.1.0/../../../:/lib/:/usr/lib/
COLLECT_GCC_OPTIONS='-v' '-o' 'cmTC_49512' '-rdynamic' '-shared-libgcc' '-mtune=generic' '-march=x86-64'
 /projects/opt/centos7/gcc/8.1.0/libexec/gcc/x86_64-pc-linux-gnu/8.1.0/collect2 -plugin /projects/opt/centos7/gcc/8.1.0/libexec/gcc/x86_64-pc-linux-gnu/8.1.0/liblto_plugin.so -plugin-opt=/projects/opt/centos7/gcc/8.1.0/libexec/gcc/x86_64-pc-linux-gnu/8.1.0/lto-wrapper -plugin-opt=-fresolution=/tmp/ccedxQhk.res -plugin-opt=-pass-through=-lgcc_s -plugin-opt=-pass-through=-lgcc -plugin-opt=-pass-through=-lc -plugin-opt=-pass-through=-lgcc_s -plugin-opt=-pass-through=-lgcc --eh-frame-hdr -m elf_x86_64 -export-dynamic -dynamic-linker /lib64/ld-linux-x86-64.so.2 -o cmTC_49512 /lib/../lib64/crt1.o /lib/../lib64/crti.o /projects/opt/centos7/gcc/8.1.0/lib/gcc/x86_64-pc-linux-gnu/8.1.0/crtbegin.o -L/projects/opt/centos7/gcc/8.1.0/lib/gcc/x86_64-pc-linux-gnu/8.1.0 -L/projects/opt/centos7/gcc/8.1.0/lib/gcc/x86_64-pc-linux-gnu/8.1.0/../../../../lib64 -L/lib/../lib64 -L/usr/lib/../lib64 -L/projects/opt/centos7/gcc/8.1.0/lib/gcc/x86_64-pc-linux-gnu/8.1.0/../../.. CMakeFiles/cmTC_49512.dir/CMakeCXXCompilerABI.cpp.o -lstdc++ -lm -lgcc_s -lgcc -lc -lgcc_s -lgcc /projects/opt/centos7/gcc/8.1.0/lib/gcc/x86_64-pc-linux-gnu/8.1.0/crtend.o /lib/../lib64/crtn.o
COLLECT_GCC_OPTIONS='-v' '-o' 'cmTC_49512' '-rdynamic' '-shared-libgcc' '-mtune=generic' '-march=x86-64'
gmake[1]: Leaving directory `/home/hlh/private-gravity/build/CMakeFiles/CMakeTmp'


Parsed CXX implicit link information from above output:
  link line regex: [^( *|.*[/\])(ld|([^/\]+-)?ld|collect2)[^/\]*( |$)]
  ignore line: [Change Dir: /home/hlh/private-gravity/build/CMakeFiles/CMakeTmp]
  ignore line: []
  ignore line: [Run Build Command:"/usr/bin/gmake" "cmTC_49512/fast"]
  ignore line: [/usr/bin/gmake -f CMakeFiles/cmTC_49512.dir/build.make CMakeFiles/cmTC_49512.dir/build]
  ignore line: [gmake[1]: Entering directory `/home/hlh/private-gravity/build/CMakeFiles/CMakeTmp']
  ignore line: [Building CXX object CMakeFiles/cmTC_49512.dir/CMakeCXXCompilerABI.cpp.o]
  ignore line: [/projects/opt/centos7/gcc/8.1.0/bin/g++      -o CMakeFiles/cmTC_49512.dir/CMakeCXXCompilerABI.cpp.o -c /projects/opt/centos7/cmake/3.7.1/share/cmake-3.7/Modules/CMakeCXXCompilerABI.cpp]
  ignore line: [Linking CXX executable cmTC_49512]
  ignore line: [/projects/opt/centos7/cmake/3.7.1/bin/cmake -E cmake_link_script CMakeFiles/cmTC_49512.dir/link.txt --verbose=1]
  ignore line: [/projects/opt/centos7/gcc/8.1.0/bin/g++       -v CMakeFiles/cmTC_49512.dir/CMakeCXXCompilerABI.cpp.o  -o cmTC_49512 -rdynamic  ]
  ignore line: [Using built-in specs.]
  ignore line: [COLLECT_GCC=/projects/opt/centos7/gcc/8.1.0/bin/g++]
  ignore line: [COLLECT_LTO_WRAPPER=/projects/opt/centos7/gcc/8.1.0/libexec/gcc/x86_64-pc-linux-gnu/8.1.0/lto-wrapper]
  ignore line: [Target: x86_64-pc-linux-gnu]
  ignore line: [Configured with: ../gcc-8.1.0/configure --prefix=/projects/opt/centos7/gcc/8.1.0 --enable-languages=c,c++,fortran --disable-multilib]
  ignore line: [Thread model: posix]
  ignore line: [gcc version 8.1.0 (GCC) ]
  ignore line: [COMPILER_PATH=/projects/opt/centos7/gcc/8.1.0/libexec/gcc/x86_64-pc-linux-gnu/8.1.0/:/projects/opt/centos7/gcc/8.1.0/libexec/gcc/x86_64-pc-linux-gnu/8.1.0/:/projects/opt/centos7/gcc/8.1.0/libexec/gcc/x86_64-pc-linux-gnu/:/projects/opt/centos7/gcc/8.1.0/lib/gcc/x86_64-pc-linux-gnu/8.1.0/:/projects/opt/centos7/gcc/8.1.0/lib/gcc/x86_64-pc-linux-gnu/]
  ignore line: [LIBRARY_PATH=/projects/opt/centos7/gcc/8.1.0/lib/gcc/x86_64-pc-linux-gnu/8.1.0/:/projects/opt/centos7/gcc/8.1.0/lib/gcc/x86_64-pc-linux-gnu/8.1.0/../../../../lib64/:/lib/../lib64/:/usr/lib/../lib64/:/projects/opt/centos7/gcc/8.1.0/lib/gcc/x86_64-pc-linux-gnu/8.1.0/../../../:/lib/:/usr/lib/]
  ignore line: [COLLECT_GCC_OPTIONS='-v' '-o' 'cmTC_49512' '-rdynamic' '-shared-libgcc' '-mtune=generic' '-march=x86-64']
  link line: [ /projects/opt/centos7/gcc/8.1.0/libexec/gcc/x86_64-pc-linux-gnu/8.1.0/collect2 -plugin /projects/opt/centos7/gcc/8.1.0/libexec/gcc/x86_64-pc-linux-gnu/8.1.0/liblto_plugin.so -plugin-opt=/projects/opt/centos7/gcc/8.1.0/libexec/gcc/x86_64-pc-linux-gnu/8.1.0/lto-wrapper -plugin-opt=-fresolution=/tmp/ccedxQhk.res -plugin-opt=-pass-through=-lgcc_s -plugin-opt=-pass-through=-lgcc -plugin-opt=-pass-through=-lc -plugin-opt=-pass-through=-lgcc_s -plugin-opt=-pass-through=-lgcc --eh-frame-hdr -m elf_x86_64 -export-dynamic -dynamic-linker /lib64/ld-linux-x86-64.so.2 -o cmTC_49512 /lib/../lib64/crt1.o /lib/../lib64/crti.o /projects/opt/centos7/gcc/8.1.0/lib/gcc/x86_64-pc-linux-gnu/8.1.0/crtbegin.o -L/projects/opt/centos7/gcc/8.1.0/lib/gcc/x86_64-pc-linux-gnu/8.1.0 -L/projects/opt/centos7/gcc/8.1.0/lib/gcc/x86_64-pc-linux-gnu/8.1.0/../../../../lib64 -L/lib/../lib64 -L/usr/lib/../lib64 -L/projects/opt/centos7/gcc/8.1.0/lib/gcc/x86_64-pc-linux-gnu/8.1.0/../../.. CMakeFiles/cmTC_49512.dir/CMakeCXXCompilerABI.cpp.o -lstdc++ -lm -lgcc_s -lgcc -lc -lgcc_s -lgcc /projects/opt/centos7/gcc/8.1.0/lib/gcc/x86_64-pc-linux-gnu/8.1.0/crtend.o /lib/../lib64/crtn.o]
    arg [/projects/opt/centos7/gcc/8.1.0/libexec/gcc/x86_64-pc-linux-gnu/8.1.0/collect2] ==> ignore
    arg [-plugin] ==> ignore
    arg [/projects/opt/centos7/gcc/8.1.0/libexec/gcc/x86_64-pc-linux-gnu/8.1.0/liblto_plugin.so] ==> ignore
    arg [-plugin-opt=/projects/opt/centos7/gcc/8.1.0/libexec/gcc/x86_64-pc-linux-gnu/8.1.0/lto-wrapper] ==> ignore
    arg [-plugin-opt=-fresolution=/tmp/ccedxQhk.res] ==> ignore
    arg [-plugin-opt=-pass-through=-lgcc_s] ==> ignore
    arg [-plugin-opt=-pass-through=-lgcc] ==> ignore
    arg [-plugin-opt=-pass-through=-lc] ==> ignore
    arg [-plugin-opt=-pass-through=-lgcc_s] ==> ignore
    arg [-plugin-opt=-pass-through=-lgcc] ==> ignore
    arg [--eh-frame-hdr] ==> ignore
    arg [-m] ==> ignore
    arg [elf_x86_64] ==> ignore
    arg [-export-dynamic] ==> ignore
    arg [-dynamic-linker] ==> ignore
    arg [/lib64/ld-linux-x86-64.so.2] ==> ignore
    arg [-o] ==> ignore
    arg [cmTC_49512] ==> ignore
    arg [/lib/../lib64/crt1.o] ==> ignore
    arg [/lib/../lib64/crti.o] ==> ignore
    arg [/projects/opt/centos7/gcc/8.1.0/lib/gcc/x86_64-pc-linux-gnu/8.1.0/crtbegin.o] ==> ignore
    arg [-L/projects/opt/centos7/gcc/8.1.0/lib/gcc/x86_64-pc-linux-gnu/8.1.0] ==> dir [/projects/opt/centos7/gcc/8.1.0/lib/gcc/x86_64-pc-linux-gnu/8.1.0]
    arg [-L/projects/opt/centos7/gcc/8.1.0/lib/gcc/x86_64-pc-linux-gnu/8.1.0/../../../../lib64] ==> dir [/projects/opt/centos7/gcc/8.1.0/lib/gcc/x86_64-pc-linux-gnu/8.1.0/../../../../lib64]
    arg [-L/lib/../lib64] ==> dir [/lib/../lib64]
    arg [-L/usr/lib/../lib64] ==> dir [/usr/lib/../lib64]
    arg [-L/projects/opt/centos7/gcc/8.1.0/lib/gcc/x86_64-pc-linux-gnu/8.1.0/../../..] ==> dir [/projects/opt/centos7/gcc/8.1.0/lib/gcc/x86_64-pc-linux-gnu/8.1.0/../../..]
    arg [CMakeFiles/cmTC_49512.dir/CMakeCXXCompilerABI.cpp.o] ==> ignore
    arg [-lstdc++] ==> lib [stdc++]
    arg [-lm] ==> lib [m]
    arg [-lgcc_s] ==> lib [gcc_s]
    arg [-lgcc] ==> lib [gcc]
    arg [-lc] ==> lib [c]
    arg [-lgcc_s] ==> lib [gcc_s]
    arg [-lgcc] ==> lib [gcc]
    arg [/projects/opt/centos7/gcc/8.1.0/lib/gcc/x86_64-pc-linux-gnu/8.1.0/crtend.o] ==> ignore
    arg [/lib/../lib64/crtn.o] ==> ignore
  remove lib [gcc_s]
  remove lib [gcc]
  remove lib [gcc_s]
  remove lib [gcc]
  collapse library dir [/projects/opt/centos7/gcc/8.1.0/lib/gcc/x86_64-pc-linux-gnu/8.1.0] ==> [/projects/opt/centos7/gcc/8.1.0/lib/gcc/x86_64-pc-linux-gnu/8.1.0]
  collapse library dir [/projects/opt/centos7/gcc/8.1.0/lib/gcc/x86_64-pc-linux-gnu/8.1.0/../../../../lib64] ==> [/projects/opt/centos7/gcc/8.1.0/lib64]
  collapse library dir [/lib/../lib64] ==> [/lib64]
  collapse library dir [/usr/lib/../lib64] ==> [/usr/lib64]
  collapse library dir [/projects/opt/centos7/gcc/8.1.0/lib/gcc/x86_64-pc-linux-gnu/8.1.0/../../..] ==> [/projects/opt/centos7/gcc/8.1.0/lib]
  implicit libs: [stdc++;m;c]
  implicit dirs: [/projects/opt/centos7/gcc/8.1.0/lib/gcc/x86_64-pc-linux-gnu/8.1.0;/projects/opt/centos7/gcc/8.1.0/lib64;/lib64;/usr/lib64;/projects/opt/centos7/gcc/8.1.0/lib]
  implicit fwks: []




Detecting CXX [-std=c++14] compiler features compiled with the following output:
Change Dir: /home/hlh/private-gravity/build/CMakeFiles/CMakeTmp

Run Build Command:"/usr/bin/gmake" "cmTC_75116/fast"
/usr/bin/gmake -f CMakeFiles/cmTC_75116.dir/build.make CMakeFiles/cmTC_75116.dir/build
gmake[1]: Entering directory `/home/hlh/private-gravity/build/CMakeFiles/CMakeTmp'
Building CXX object CMakeFiles/cmTC_75116.dir/feature_tests.cxx.o
/projects/opt/centos7/gcc/8.1.0/bin/g++     -std=c++14 -o CMakeFiles/cmTC_75116.dir/feature_tests.cxx.o -c /home/hlh/private-gravity/build/CMakeFiles/feature_tests.cxx
Linking CXX executable cmTC_75116
/projects/opt/centos7/cmake/3.7.1/bin/cmake -E cmake_link_script CMakeFiles/cmTC_75116.dir/link.txt --verbose=1
/projects/opt/centos7/gcc/8.1.0/bin/g++        CMakeFiles/cmTC_75116.dir/feature_tests.cxx.o  -o cmTC_75116 -rdynamic 
gmake[1]: Leaving directory `/home/hlh/private-gravity/build/CMakeFiles/CMakeTmp'


    Feature record: CXX_FEATURE:1cxx_aggregate_default_initializers
    Feature record: CXX_FEATURE:1cxx_alias_templates
    Feature record: CXX_FEATURE:1cxx_alignas
    Feature record: CXX_FEATURE:1cxx_alignof
    Feature record: CXX_FEATURE:1cxx_attributes
    Feature record: CXX_FEATURE:1cxx_attribute_deprecated
    Feature record: CXX_FEATURE:1cxx_auto_type
    Feature record: CXX_FEATURE:1cxx_binary_literals
    Feature record: CXX_FEATURE:1cxx_constexpr
    Feature record: CXX_FEATURE:1cxx_contextual_conversions
    Feature record: CXX_FEATURE:1cxx_decltype
    Feature record: CXX_FEATURE:1cxx_decltype_auto
    Feature record: CXX_FEATURE:1cxx_decltype_incomplete_return_types
    Feature record: CXX_FEATURE:1cxx_default_function_template_args
    Feature record: CXX_FEATURE:1cxx_defaulted_functions
    Feature record: CXX_FEATURE:1cxx_defaulted_move_initializers
    Feature record: CXX_FEATURE:1cxx_delegating_constructors
    Feature record: CXX_FEATURE:1cxx_deleted_functions
    Feature record: CXX_FEATURE:1cxx_digit_separators
    Feature record: CXX_FEATURE:1cxx_enum_forward_declarations
    Feature record: CXX_FEATURE:1cxx_explicit_conversions
    Feature record: CXX_FEATURE:1cxx_extended_friend_declarations
    Feature record: CXX_FEATURE:1cxx_extern_templates
    Feature record: CXX_FEATURE:1cxx_final
    Feature record: CXX_FEATURE:1cxx_func_identifier
    Feature record: CXX_FEATURE:1cxx_generalized_initializers
    Feature record: CXX_FEATURE:1cxx_generic_lambdas
    Feature record: CXX_FEATURE:1cxx_inheriting_constructors
    Feature record: CXX_FEATURE:1cxx_inline_namespaces
    Feature record: CXX_FEATURE:1cxx_lambdas
    Feature record: CXX_FEATURE:1cxx_lambda_init_captures
    Feature record: CXX_FEATURE:1cxx_local_type_template_args
    Feature record: CXX_FEATURE:1cxx_long_long_type
    Feature record: CXX_FEATURE:1cxx_noexcept
    Feature record: CXX_FEATURE:1cxx_nonstatic_member_init
    Feature record: CXX_FEATURE:1cxx_nullptr
    Feature record: CXX_FEATURE:1cxx_override
    Feature record: CXX_FEATURE:1cxx_range_for
    Feature record: CXX_FEATURE:1cxx_raw_string_literals
    Feature record: CXX_FEATURE:1cxx_reference_qualified_functions
    Feature record: CXX_FEATURE:1cxx_relaxed_constexpr
    Feature record: CXX_FEATURE:1cxx_return_type_deduction
    Feature record: CXX_FEATURE:1cxx_right_angle_brackets
    Feature record: CXX_FEATURE:1cxx_rvalue_references
    Feature record: CXX_FEATURE:1cxx_sizeof_member
    Feature record: CXX_FEATURE:1cxx_static_assert
    Feature record: CXX_FEATURE:1cxx_strong_enums
    Feature record: CXX_FEATURE:1cxx_template_template_parameters
    Feature record: CXX_FEATURE:1cxx_thread_local
    Feature record: CXX_FEATURE:1cxx_trailing_return_types
    Feature record: CXX_FEATURE:1cxx_unicode_literals
    Feature record: CXX_FEATURE:1cxx_uniform_initialization
    Feature record: CXX_FEATURE:1cxx_unrestricted_unions
    Feature record: CXX_FEATURE:1cxx_user_literals
    Feature record: CXX_FEATURE:1cxx_variable_templates
    Feature record: CXX_FEATURE:1cxx_variadic_macros
    Feature record: CXX_FEATURE:1cxx_variadic_templates


Detecting CXX [-std=c++11] compiler features compiled with the following output:
Change Dir: /home/hlh/private-gravity/build/CMakeFiles/CMakeTmp

Run Build Command:"/usr/bin/gmake" "cmTC_0e82f/fast"
/usr/bin/gmake -f CMakeFiles/cmTC_0e82f.dir/build.make CMakeFiles/cmTC_0e82f.dir/build
gmake[1]: Entering directory `/home/hlh/private-gravity/build/CMakeFiles/CMakeTmp'
Building CXX object CMakeFiles/cmTC_0e82f.dir/feature_tests.cxx.o
/projects/opt/centos7/gcc/8.1.0/bin/g++     -std=c++11 -o CMakeFiles/cmTC_0e82f.dir/feature_tests.cxx.o -c /home/hlh/private-gravity/build/CMakeFiles/feature_tests.cxx
Linking CXX executable cmTC_0e82f
/projects/opt/centos7/cmake/3.7.1/bin/cmake -E cmake_link_script CMakeFiles/cmTC_0e82f.dir/link.txt --verbose=1
/projects/opt/centos7/gcc/8.1.0/bin/g++        CMakeFiles/cmTC_0e82f.dir/feature_tests.cxx.o  -o cmTC_0e82f -rdynamic 
gmake[1]: Leaving directory `/home/hlh/private-gravity/build/CMakeFiles/CMakeTmp'


    Feature record: CXX_FEATURE:0cxx_aggregate_default_initializers
    Feature record: CXX_FEATURE:1cxx_alias_templates
    Feature record: CXX_FEATURE:1cxx_alignas
    Feature record: CXX_FEATURE:1cxx_alignof
    Feature record: CXX_FEATURE:1cxx_attributes
    Feature record: CXX_FEATURE:0cxx_attribute_deprecated
    Feature record: CXX_FEATURE:1cxx_auto_type
    Feature record: CXX_FEATURE:0cxx_binary_literals
    Feature record: CXX_FEATURE:1cxx_constexpr
    Feature record: CXX_FEATURE:0cxx_contextual_conversions
    Feature record: CXX_FEATURE:1cxx_decltype
    Feature record: CXX_FEATURE:0cxx_decltype_auto
    Feature record: CXX_FEATURE:1cxx_decltype_incomplete_return_types
    Feature record: CXX_FEATURE:1cxx_default_function_template_args
    Feature record: CXX_FEATURE:1cxx_defaulted_functions
    Feature record: CXX_FEATURE:1cxx_defaulted_move_initializers
    Feature record: CXX_FEATURE:1cxx_delegating_constructors
    Feature record: CXX_FEATURE:1cxx_deleted_functions
    Feature record: CXX_FEATURE:0cxx_digit_separators
    Feature record: CXX_FEATURE:1cxx_enum_forward_declarations
    Feature record: CXX_FEATURE:1cxx_explicit_conversions
    Feature record: CXX_FEATURE:1cxx_extended_friend_declarations
    Feature record: CXX_FEATURE:1cxx_extern_templates
    Feature record: CXX_FEATURE:1cxx_final
    Feature record: CXX_FEATURE:1cxx_func_identifier
    Feature record: CXX_FEATURE:1cxx_generalized_initializers
    Feature record: CXX_FEATURE:0cxx_generic_lambdas
    Feature record: CXX_FEATURE:1cxx_inheriting_constructors
    Feature record: CXX_FEATURE:1cxx_inline_namespaces
    Feature record: CXX_FEATURE:1cxx_lambdas
    Feature record: CXX_FEATURE:0cxx_lambda_init_captures
    Feature record: CXX_FEATURE:1cxx_local_type_template_args
    Feature record: CXX_FEATURE:1cxx_long_long_type
    Feature record: CXX_FEATURE:1cxx_noexcept
    Feature record: CXX_FEATURE:1cxx_nonstatic_member_init
    Feature record: CXX_FEATURE:1cxx_nullptr
    Feature record: CXX_FEATURE:1cxx_override
    Feature record: CXX_FEATURE:1cxx_range_for
    Feature record: CXX_FEATURE:1cxx_raw_string_literals
    Feature record: CXX_FEATURE:1cxx_reference_qualified_functions
    Feature record: CXX_FEATURE:0cxx_relaxed_constexpr
    Feature record: CXX_FEATURE:0cxx_return_type_deduction
    Feature record: CXX_FEATURE:1cxx_right_angle_brackets
    Feature record: CXX_FEATURE:1cxx_rvalue_references
    Feature record: CXX_FEATURE:1cxx_sizeof_member
    Feature record: CXX_FEATURE:1cxx_static_assert
    Feature record: CXX_FEATURE:1cxx_strong_enums
    Feature record: CXX_FEATURE:1cxx_template_template_parameters
    Feature record: CXX_FEATURE:1cxx_thread_local
    Feature record: CXX_FEATURE:1cxx_trailing_return_types
    Feature record: CXX_FEATURE:1cxx_unicode_literals
    Feature record: CXX_FEATURE:1cxx_uniform_initialization
    Feature record: CXX_FEATURE:1cxx_unrestricted_unions
    Feature record: CXX_FEATURE:1cxx_user_literals
    Feature record: CXX_FEATURE:0cxx_variable_templates
    Feature record: CXX_FEATURE:1cxx_variadic_macros
    Feature record: CXX_FEATURE:1cxx_variadic_templates


Detecting CXX [-std=c++98] compiler features compiled with the following output:
Change Dir: /home/hlh/private-gravity/build/CMakeFiles/CMakeTmp

Run Build Command:"/usr/bin/gmake" "cmTC_a8014/fast"
/usr/bin/gmake -f CMakeFiles/cmTC_a8014.dir/build.make CMakeFiles/cmTC_a8014.dir/build
gmake[1]: Entering directory `/home/hlh/private-gravity/build/CMakeFiles/CMakeTmp'
Building CXX object CMakeFiles/cmTC_a8014.dir/feature_tests.cxx.o
/projects/opt/centos7/gcc/8.1.0/bin/g++     -std=c++98 -o CMakeFiles/cmTC_a8014.dir/feature_tests.cxx.o -c /home/hlh/private-gravity/build/CMakeFiles/feature_tests.cxx
Linking CXX executable cmTC_a8014
/projects/opt/centos7/cmake/3.7.1/bin/cmake -E cmake_link_script CMakeFiles/cmTC_a8014.dir/link.txt --verbose=1
/projects/opt/centos7/gcc/8.1.0/bin/g++        CMakeFiles/cmTC_a8014.dir/feature_tests.cxx.o  -o cmTC_a8014 -rdynamic 
gmake[1]: Leaving directory `/home/hlh/private-gravity/build/CMakeFiles/CMakeTmp'


    Feature record: CXX_FEATURE:0cxx_aggregate_default_initializers
    Feature record: CXX_FEATURE:0cxx_alias_templates
    Feature record: CXX_FEATURE:0cxx_alignas
    Feature record: CXX_FEATURE:0cxx_alignof
    Feature record: CXX_FEATURE:0cxx_attributes
    Feature record: CXX_FEATURE:0cxx_attribute_deprecated
    Feature record: CXX_FEATURE:0cxx_auto_type
    Feature record: CXX_FEATURE:0cxx_binary_literals
    Feature record: CXX_FEATURE:0cxx_constexpr
    Feature record: CXX_FEATURE:0cxx_contextual_conversions
    Feature record: CXX_FEATURE:0cxx_decltype
    Feature record: CXX_FEATURE:0cxx_decltype_auto
    Feature record: CXX_FEATURE:0cxx_decltype_incomplete_return_types
    Feature record: CXX_FEATURE:0cxx_default_function_template_args
    Feature record: CXX_FEATURE:0cxx_defaulted_functions
    Feature record: CXX_FEATURE:0cxx_defaulted_move_initializers
    Feature record: CXX_FEATURE:0cxx_delegating_constructors
    Feature record: CXX_FEATURE:0cxx_deleted_functions
    Feature record: CXX_FEATURE:0cxx_digit_separators
    Feature record: CXX_FEATURE:0cxx_enum_forward_declarations
    Feature record: CXX_FEATURE:0cxx_explicit_conversions
    Feature record: CXX_FEATURE:0cxx_extended_friend_declarations
    Feature record: CXX_FEATURE:0cxx_extern_templates
    Feature record: CXX_FEATURE:0cxx_final
    Feature record: CXX_FEATURE:0cxx_func_identifier
    Feature record: CXX_FEATURE:0cxx_generalized_initializers
    Feature record: CXX_FEATURE:0cxx_generic_lambdas
    Feature record: CXX_FEATURE:0cxx_inheriting_constructors
    Feature record: CXX_FEATURE:0cxx_inline_namespaces
    Feature record: CXX_FEATURE:0cxx_lambdas
    Feature record: CXX_FEATURE:0cxx_lambda_init_captures
    Feature record: CXX_FEATURE:0cxx_local_type_template_args
    Feature record: CXX_FEATURE:0cxx_long_long_type
    Feature record: CXX_FEATURE:0cxx_noexcept
    Feature record: CXX_FEATURE:0cxx_nonstatic_member_init
    Feature record: CXX_FEATURE:0cxx_nullptr
    Feature record: CXX_FEATURE:0cxx_override
    Feature record: CXX_FEATURE:0cxx_range_for
    Feature record: CXX_FEATURE:0cxx_raw_string_literals
    Feature record: CXX_FEATURE:0cxx_reference_qualified_functions
    Feature record: CXX_FEATURE:0cxx_relaxed_constexpr
    Feature record: CXX_FEATURE:0cxx_return_type_deduction
    Feature record: CXX_FEATURE:0cxx_right_angle_brackets
    Feature record: CXX_FEATURE:0cxx_rvalue_references
    Feature record: CXX_FEATURE:0cxx_sizeof_member
    Feature record: CXX_FEATURE:0cxx_static_assert
    Feature record: CXX_FEATURE:0cxx_strong_enums
    Feature record: CXX_FEATURE:1cxx_template_template_parameters
    Feature record: CXX_FEATURE:0cxx_thread_local
    Feature record: CXX_FEATURE:0cxx_trailing_return_types
    Feature record: CXX_FEATURE:0cxx_unicode_literals
    Feature record: CXX_FEATURE:0cxx_uniform_initialization
    Feature record: CXX_FEATURE:0cxx_unrestricted_unions
    Feature record: CXX_FEATURE:0cxx_user_literals
    Feature record: CXX_FEATURE:0cxx_variable_templates
    Feature record: CXX_FEATURE:0cxx_variadic_macros
    Feature record: CXX_FEATURE:0cxx_variadic_templates
