Using Polar Formulation
Loading file powersystem.raw
bMVA = 100
Number of lines = 20
Number of buses = 14
Number of contingencies = 1
Number of generators = 5
Number of line contingencies = 1
Number of generator contingencies = 0
Bus Data : 

Bus Id: 8 | load = 0.00 | shunt = (0.00,0.00) | vbounds = (0.90,1.10)
	List of connected lines: 	List of installed + potential diesnel generators:
l_18 | Cost coefficients: (c0=243.33,c1=163.62,c2=1.97) | Active Power Bounds: (0.32,80.14) | Reactive Power Bounds: (-8.03,19.24) | Participation Factor: 3.00%
;

Bus Id: 2 | load = 16.81 | shunt = (0.00,0.00) | vbounds = (0.90,1.10)
	List of connected lines: 	List of installed + potential diesnel generators:
l_15 | Cost coefficients: (c0=67.90,c1=5.28,c2=0.01) | Active Power Bounds: (48.15,157.50) | Reactive Power Bounds: (-76.98,36.17) | Participation Factor: 19.00%
;

Bus Id: 14 | load = 13.05 | shunt = (0.00,0.00) | vbounds = (0.90,1.10)
	List of connected lines: ;

Bus Id: 10 | load = 8.82 | shunt = (0.00,0.00) | vbounds = (0.90,1.10)
	List of connected lines: ;

Bus Id: 3 | load = 80.66 | shunt = (0.00,0.00) | vbounds = (0.90,1.10)
	List of connected lines: 	List of installed + potential diesnel generators:
l_16 | Cost coefficients: (c0=2576.52,c1=143.34,c2=0.05) | Active Power Bounds: (5.80,82.50) | Reactive Power Bounds: (-0.88,48.51) | Participation Factor: 49.25%
;

Bus Id: 7 | load = 0.00 | shunt = (0.00,0.00) | vbounds = (0.90,1.10)
	List of connected lines: ;

Bus Id: 9 | load = 24.68 | shunt = (0.00,19.00) | vbounds = (0.90,1.10)
	List of connected lines: ;

Bus Id: 6 | load = 10.98 | shunt = (0.00,0.00) | vbounds = (0.90,1.10)
	List of connected lines: 	List of installed + potential diesnel generators:
l_17 | Cost coefficients: (c0=92.88,c1=4.87,c2=0.00) | Active Power Bounds: (11.46,110.50) | Reactive Power Bounds: (-19.11,19.47) | Participation Factor: 38.75%
;

Bus Id: 12 | load = 5.64 | shunt = (0.00,0.00) | vbounds = (0.90,1.10)
	List of connected lines: ;

Bus Id: 11 | load = 3.85 | shunt = (0.00,0.00) | vbounds = (0.90,1.10)
	List of connected lines: ;

Bus Id: 1 | load = 0.00 | shunt = (0.00,0.00) | vbounds = (0.90,1.10)
	List of connected lines: 	List of installed + potential diesnel generators:
l_14 | Cost coefficients: (c0=1375.90,c1=140.38,c2=2.08) | Active Power Bounds: (37.96,245.45) | Reactive Power Bounds: (-132.20,76.06) | Participation Factor: 5.00%
;

Bus Id: 13 | load = 11.67 | shunt = (0.00,0.00) | vbounds = (0.90,1.10)
	List of connected lines: ;

Bus Id: 4 | load = 51.24 | shunt = (0.00,0.00) | vbounds = (0.90,1.10)
	List of connected lines: ;

Bus Id: 5 | load = 7.13 | shunt = (0.00,0.00) | vbounds = (0.90,1.10)
	List of connected lines: ;
Gen Data : 
l_14 | Cost coefficients: (c0=1375.90,c1=140.38,c2=2.08) | Active Power Bounds: (37.96,245.45) | Reactive Power Bounds: (-132.20,76.06) | Participation Factor: 5.00%
l_17 | Cost coefficients: (c0=92.88,c1=4.87,c2=0.00) | Active Power Bounds: (11.46,110.50) | Reactive Power Bounds: (-19.11,19.47) | Participation Factor: 38.75%
l_18 | Cost coefficients: (c0=243.33,c1=163.62,c2=1.97) | Active Power Bounds: (0.32,80.14) | Reactive Power Bounds: (-8.03,19.24) | Participation Factor: 3.00%
l_15 | Cost coefficients: (c0=67.90,c1=5.28,c2=0.01) | Active Power Bounds: (48.15,157.50) | Reactive Power Bounds: (-76.98,36.17) | Participation Factor: 19.00%
l_16 | Cost coefficients: (c0=2576.52,c1=143.34,c2=0.05) | Active Power Bounds: (5.80,82.50) | Reactive Power Bounds: (-0.88,48.51) | Participation Factor: 49.25%
Line Data : 
(7,9): Expansion cost = 0; limit = 124.8; r = 0; x = 0.11001; charge = 0; tap ration = 1; phase shift = 0
(10,11): Expansion cost = 0; limit = 156; r = 0.08205; x = 0.19207; charge = 0; tap ration = 1; phase shift = 0
(4,7): Expansion cost = 0; limit = 41; r = 0; x = 0.20912; charge = 0; tap ration = 0.978; phase shift = 0
(4,9): Expansion cost = 0; limit = 24; r = 0; x = 0.55618; charge = 0; tap ration = 0.969; phase shift = 0
(5,6): Expansion cost = 0; limit = 116; r = 0; x = 0.25202; charge = 0; tap ration = 0.932; phase shift = 0
(1,5): Expansion cost = 0; limit = 51.6; r = 0.05403; x = 0.22304; charge = 0.0492; tap ration = 1; phase shift = 0
(4,5): Expansion cost = 0; limit = 458.4; r = 0.01335; x = 0.04211; charge = 0; tap ration = 1; phase shift = 0
(6,13): Expansion cost = 0; limit = 176.4; r = 0.06615; x = 0.13027; charge = 0; tap ration = 1; phase shift = 0
(2,5): Expansion cost = 0; limit = 73.2; r = 0.05695; x = 0.17388; charge = 0.0346; tap ration = 1; phase shift = 0
(2,4): Expansion cost = 0; limit = 109.2; r = 0.05811; x = 0.17632; charge = 0.034; tap ration = 1; phase shift = 0
(7,8): Expansion cost = 0; limit = 56.4; r = 0; x = 0.17615; charge = 0; tap ration = 1; phase shift = 0
(9,10): Expansion cost = 0; limit = 255.6; r = 0.03181; x = 0.0845; charge = 0; tap ration = 1; phase shift = 0
(2,3): Expansion cost = 0; limit = 210; r = 0.04699; x = 0.19797; charge = 0.0438; tap ration = 1; phase shift = 0
(1,2): Expansion cost = 0; limit = 141.6; r = 0.01938; x = 0.05917; charge = 0.0528; tap ration = 1; phase shift = 0
(12,13): Expansion cost = 0; limit = 38.4; r = 0.22092; x = 0.19988; charge = 0; tap ration = 1; phase shift = 0
(6,12): Expansion cost = 0; limit = 51.6; r = 0.12291; x = 0.25581; charge = 0; tap ration = 1; phase shift = 0
(13,14): Expansion cost = 0; limit = 85.2; r = 0.17093; x = 0.34802; charge = 0; tap ration = 1; phase shift = 0
(9,14): Expansion cost = 0; limit = 48; r = 0.12711; x = 0.27038; charge = 0; tap ration = 1; phase shift = 0
(3,4): Expansion cost = 0; limit = 122.4; r = 0.06701; x = 0.17103; charge = 0.0128; tap ration = 1; phase shift = 0
(6,11): Expansion cost = 0; limit = 175.2; r = 0.09498; x = 0.1989; charge = 0; tap ration = 1; phase shift = 0
nb generators = 5
nb installed lines = 20
nb buses = 14
Total time for building continency constraints = 0.00462914

******************************************************************************
This program contains Ipopt, a library for large-scale nonlinear optimization.
 Ipopt is released as open source code under the Eclipse Public License (EPL).
         For more information visit http://projects.coin-or.org/Ipopt
******************************************************************************


************** Objective Function Value = 14677 **************
Percentage of active constraints for Complement_n0 = 100.000000%
Percentage of active constraints for Complement_p0 = 100.000000%
Percentage of active constraints for Thermal_Limit_from = 0.000000%
Percentage of active constraints for Thermal_Limit_from_c0 = 0.000000%
Percentage of active constraints for Thermal_Limit_to = 0.000000%
Percentage of active constraints for Thermal_Limit_to_c0 = 0.000000%
Percentage of active constraints for V_diff_n0 = 100.000000%
Percentage of active constraints for V_diff_p0 = 100.000000%
Total percentage of violated constraints = 0.000000%
Total percentage of active constraints = 20.408163%
Base Case Objective = 14677
Pg = [ 
Pg(l_14)=0.37965 
Pg(l_17)=1.10427 
Pg(l_18)=0.00319828 
Pg(l_15)=0.847178 
Pg(l_16)=0.0580179 
];
Qg = [ 
Qg(l_14)=0.0185381 
Qg(l_17)=-0.130815 
Qg(l_18)=0.069967 
Qg(l_15)=0.175387 
Qg(l_16)=0.268365 
];
Pf_from = [ 
Pf_from(i_11,7,9)=0.0414067 
Pf_from(i_14,10,11)=-0.229767 
Pf_from(i_17,4,7)=0.0382084 
Pf_from(i_18,4,9)=0.0226754 
Pf_from(i_19,5,6)=-0.359515 
Pf_from(i_1,1,5)=0.159644 
Pf_from(i_6,4,5)=-0.573731 
Pf_from(i_9,6,13)=0.261625 
Pf_from(i_4,2,5)=0.132244 
Pf_from(i_3,2,4)=0.27035 
Pf_from(i_10,7,8)=-0.00319828 
Pf_from(i_12,9,10)=-0.140622 
Pf_from(i_2,2,3)=0.4957 
Pf_from(i_0,1,2)=0.220005 
Pf_from(i_15,12,13)=0.0375511 
Pf_from(i_8,6,12)=0.0949177 
Pf_from(i_16,13,14)=0.178426 
Pf_from(i_13,9,14)=-0.0421343 
Pf_from(i_5,3,4)=-0.262677 
Pf_from(i_7,6,11)=0.278381 
];
Qf_from = [ 
Qf_from(i_11,7,9)=0.0950312 
Qf_from(i_14,10,11)=0.0612424 
Qf_from(i_17,4,7)=0.0261531 
Qf_from(i_18,4,9)=0.0492011 
Qf_from(i_19,5,6)=0.248551 
Qf_from(i_1,1,5)=0.0435587 
Qf_from(i_6,4,5)=0.097648 
Qf_from(i_9,6,13)=0.0383353 
Qf_from(i_4,2,5)=0.0510355 
Qf_from(i_3,2,4)=0.0301748 
Qf_from(i_10,7,8)=-0.0692528 
Qf_from(i_12,9,10)=0.119246 
Qf_from(i_2,2,3)=0.0198597 
Qf_from(i_0,1,2)=-0.0250207 
Qf_from(i_15,12,13)=-0.00629661 
Qf_from(i_8,6,12)=0.0130574 
Qf_from(i_16,13,14)=-0.0285472 
Qf_from(i_13,9,14)=0.08568 
Qf_from(i_5,3,4)=0.0754906 
Qf_from(i_7,6,11)=-0.0244595 
];
Pf_to = [ 
Pf_to(i_11,7,9)=-0.0414067 
Pf_to(i_14,10,11)=0.233788 
Pf_to(i_17,4,7)=-0.0382084 
Pf_to(i_18,4,9)=-0.0226754 
Pf_to(i_19,5,6)=0.359515 
Pf_to(i_1,1,5)=-0.158257 
Pf_to(i_6,4,5)=0.577682 
Pf_to(i_9,6,13)=-0.257803 
Pf_to(i_4,2,5)=-0.131162 
Pf_to(i_3,2,4)=-0.266661 
Pf_to(i_10,7,8)=0.00319828 
Pf_to(i_12,9,10)=0.14155 
Pf_to(i_2,2,3)=-0.485924 
Pf_to(i_0,1,2)=-0.219223 
Pf_to(i_15,12,13)=-0.0372798 
Pf_to(i_8,6,12)=-0.0939852 
Pf_to(i_16,13,14)=-0.173642 
Pf_to(i_13,9,14)=0.0431293 
Pf_to(i_5,3,4)=0.267155 
Pf_to(i_7,6,11)=-0.272251 
];
Qf_to = [ 
Qf_to(i_11,7,9)=-0.094034 
Qf_to(i_14,10,11)=-0.0518287 
Qf_to(i_17,4,7)=-0.0257784 
Qf_to(i_18,4,9)=-0.0478616 
Qf_to(i_19,5,6)=-0.212247 
Qf_to(i_1,1,5)=-0.0956977 
Qf_to(i_6,4,5)=-0.0851831 
Qf_to(i_9,6,13)=-0.0308079 
Qf_to(i_4,2,5)=-0.0882702 
Qf_to(i_3,2,4)=-0.0586835 
Qf_to(i_10,7,8)=0.069967 
Qf_to(i_12,9,10)=-0.11678 
Qf_to(i_2,2,3)=-0.0296203 
Qf_to(i_0,1,2)=-0.0357311 
Qf_to(i_15,12,13)=0.00654205 
Qf_to(i_8,6,12)=-0.0111167 
Qf_to(i_16,13,14)=0.0382873 
Qf_to(i_13,9,14)=-0.0835635 
Qf_to(i_5,3,4)=-0.0786498 
Qf_to(i_7,6,11)=0.0372967 
];
v_base = [ 
v_base(8)=1.09998 
v_base(2)=1.09144 
v_base(14)=1.06288 
v_base(10)=1.07409 
v_base(3)=1.0654 
v_base(7)=1.08878 
v_base(9)=1.07918 
v_base(6)=1.1 
v_base(12)=1.08655 
v_base(11)=1.08166 
v_base(1)=1.09563 
v_base(13)=1.08011 
v_base(4)=1.06969 
v_base(5)=1.07327 
];
theta_base = [ 
theta_base(8)=0 
theta_base(2)=0.0445679 
theta_base(14)=0.0150806 
theta_base(10)=0.00917687 
theta_base(3)=-0.0380617 
theta_base(7)=-0.000470409 
theta_base(9)=-0.00434719 
theta_base(6)=0.100008 
theta_base(12)=0.0810344 
theta_base(11)=0.0515001 
theta_base(1)=0.055346 
theta_base(13)=0.0734536 
theta_base(4)=0.00623926 
theta_base(5)=0.0284205 
];
Pg_cont0 = [ 
Pg_cont0(l_14)=0.379748 
Pg_cont0(l_17)=1.10503 
Pg_cont0(l_18)=0.00325756 
Pg_cont0(l_15)=0.847553 
Pg_cont0(l_16)=0.0589911 
];
Qg_cont0 = [ 
Qg_cont0(l_14)=0.0188749 
Qg_cont0(l_17)=-0.130282 
Qg_cont0(l_18)=0.0724755 
Qg_cont0(l_15)=0.176938 
Qg_cont0(l_16)=0.269093 
];
v_diff_p0 = [ 
v_diff_p0(8)=-9.94996e-09 
v_diff_p0(2)=-9.94988e-09 
v_diff_p0(3)=-9.9499e-09 
v_diff_p0(6)=-9.94997e-09 
v_diff_p0(1)=-9.94991e-09 
];
v_diff_n0 = [ 
v_diff_n0(8)=-9.94993e-09 
v_diff_n0(2)=-9.94992e-09 
v_diff_n0(3)=-9.94989e-09 
v_diff_n0(6)=-9.94988e-09 
v_diff_n0(1)=-9.9499e-09 
];
Pf_from_c0 = [ 
Pf_from_c0(i_11,7,9)=0.0461698 
Pf_from_c0(i_14,10,11)=-0.235606 
Pf_from_c0(i_17,4,7)=0.0429122 
Pf_from_c0(i_18,4,9)=0.0253962 
Pf_from_c0(i_19,5,6)=-0.365573 
Pf_from_c0(i_1,1,5)=0.159414 
Pf_from_c0(i_6,4,5)=-0.57914 
Pf_from_c0(i_9,6,13)=0.34492 
Pf_from_c0(i_4,2,5)=0.131897 
Pf_from_c0(i_3,2,4)=0.271343 
Pf_from_c0(i_10,7,8)=-0.00325756 
Pf_from_c0(i_12,9,10)=-0.146404 
Pf_from_c0(i_2,2,3)=0.495756 
Pf_from_c0(i_0,1,2)=0.220334 
Pf_from_c0(i_15,12,13)=-0.0564342 
Pf_from_c0(i_16,13,14)=0.164493 
Pf_from_c0(i_13,9,14)=-0.0288681 
Pf_from_c0(i_5,3,4)=-0.261649 
Pf_from_c0(i_7,6,11)=0.284712 
];
Qf_from_c0 = [ 
Qf_from_c0(i_11,7,9)=0.0985565 
Qf_from_c0(i_14,10,11)=0.0625855 
Qf_from_c0(i_17,4,7)=0.0272996 
Qf_from_c0(i_18,4,9)=0.0503541 
Qf_from_c0(i_19,5,6)=0.248579 
Qf_from_c0(i_1,1,5)=0.0439994 
Qf_from_c0(i_6,4,5)=0.0968607 
Qf_from_c0(i_9,6,13)=0.0513731 
Qf_from_c0(i_4,2,5)=0.0516437 
Qf_from_c0(i_3,2,4)=0.0310142 
Qf_from_c0(i_10,7,8)=-0.0717093 
Qf_from_c0(i_12,9,10)=0.120739 
Qf_from_c0(i_2,2,3)=0.0198511 
Qf_from_c0(i_0,1,2)=-0.0251246 
Qf_from_c0(i_15,12,13)=-0.0174133 
Qf_from_c0(i_16,13,14)=-0.0325678 
Qf_from_c0(i_13,9,14)=0.0883383 
Qf_from_c0(i_5,3,4)=0.0762015 
Qf_from_c0(i_7,6,11)=-0.0247215 
];
Pf_to_c0 = [ 
Pf_to_c0(i_11,7,9)=-0.0461698 
Pf_to_c0(i_14,10,11)=0.239838 
Pf_to_c0(i_17,4,7)=-0.0429122 
Pf_to_c0(i_18,4,9)=-0.0253962 
Pf_to_c0(i_19,5,6)=0.365573 
Pf_to_c0(i_1,1,5)=-0.158027 
Pf_to_c0(i_6,4,5)=0.583164 
Pf_to_c0(i_9,6,13)=-0.338271 
Pf_to_c0(i_4,2,5)=-0.130815 
Pf_to_c0(i_3,2,4)=-0.267624 
Pf_to_c0(i_10,7,8)=0.00325756 
Pf_to_c0(i_12,9,10)=0.147389 
Pf_to_c0(i_2,2,3)=-0.485978 
Pf_to_c0(i_0,1,2)=-0.21955 
Pf_to_c0(i_15,12,13)=0.0571216 
Pf_to_c0(i_16,13,14)=-0.160325 
Pf_to_c0(i_13,9,14)=0.0298121 
Pf_to_c0(i_5,3,4)=0.266102 
Pf_to_c0(i_7,6,11)=-0.278301 
];
Qf_to_c0 = [ 
Qf_to_c0(i_11,7,9)=-0.0974565 
Qf_to_c0(i_14,10,11)=-0.0526787 
Qf_to_c0(i_17,4,7)=-0.0268473 
Qf_to_c0(i_18,4,9)=-0.048902 
Qf_to_c0(i_19,5,6)=-0.211433 
Qf_to_c0(i_1,1,5)=-0.0961358 
Qf_to_c0(i_6,4,5)=-0.0841676 
Qf_to_c0(i_9,6,13)=-0.0382805 
Qf_to_c0(i_4,2,5)=-0.088876 
Qf_to_c0(i_3,2,4)=-0.059424 
Qf_to_c0(i_10,7,8)=0.0724755 
Qf_to_c0(i_12,9,10)=-0.118123 
Qf_to_c0(i_2,2,3)=-0.0296026 
Qf_to_c0(i_0,1,2)=-0.0356201 
Qf_to_c0(i_15,12,13)=0.0180353 
Qf_to_c0(i_16,13,14)=0.0410542 
Qf_to_c0(i_13,9,14)=-0.0863304 
Qf_to_c0(i_5,3,4)=-0.0794216 
Qf_to_c0(i_7,6,11)=0.0381467 
];
delta0 = [ 
delta0(0)=1.97618e-05 
];
v_c0 = [ 
v_c0(8)=1.09998 
v_c0(2)=1.09144 
v_c0(14)=1.05982 
v_c0(10)=1.07339 
v_c0(3)=1.0654 
v_c0(7)=1.08837 
v_c0(9)=1.07842 
v_c0(6)=1.1 
v_c0(12)=1.05875 
v_c0(11)=1.08122 
v_c0(1)=1.09563 
v_c0(13)=1.07384 
v_c0(4)=1.06951 
v_c0(5)=1.07319 
];
theta_c0 = [ 
theta_c0(8)=-0.0285283 
theta_c0(2)=0.0169757 
theta_c0(14)=-0.0166806 
theta_c0(10)=-0.0193294 
theta_c0(3)=-0.0656639 
theta_c0(7)=-0.0290076 
theta_c0(9)=-0.033335 
theta_c0(6)=0.0737098 
theta_c0(12)=0.0320023 
theta_c0(11)=0.0241011 
theta_c0(1)=0.0277718 
theta_c0(13)=0.0385403 
theta_c0(4)=-0.0214678 
theta_c0(5)=0.000908222 
];
Solve time = 0.181272
Total time = 0.191552
DATA_SCOPF, base_case = 14677.016197, solve_time = 0.181272, LocalOptimal, 0.191552
